c:\paint-for-kids\debug\pt project.bsc
c:\paint-for-kids\debug\vc140.pdb
c:\paint-for-kids\debug\vc140.idb
c:\paint-for-kids\debug\main.sbr
c:\paint-for-kids\debug\applicationmanager.sbr
c:\paint-for-kids\debug\output.sbr
c:\paint-for-kids\debug\input.sbr
c:\paint-for-kids\debug\ctriangle.sbr
c:\paint-for-kids\debug\addrectaction.sbr
c:\paint-for-kids\debug\crectangle.sbr
c:\paint-for-kids\debug\cfigure.sbr
c:\paint-for-kids\debug\cline.sbr
c:\paint-for-kids\debug\ccircle.sbr
c:\paint-for-kids\debug\mousequeue.sbr
c:\paint-for-kids\debug\keyqueue.sbr
c:\paint-for-kids\debug\image.sbr
c:\paint-for-kids\debug\auxil.sbr
c:\paint-for-kids\debug\selectaction.sbr
c:\paint-for-kids\debug\loadaction.sbr
c:\paint-for-kids\debug\addtriangleaction.sbr
c:\paint-for-kids\debug\addlineaction.sbr
c:\paint-for-kids\debug\addcircleaction.sbr
c:\paint-for-kids\debug\addcircleaction.obj
c:\paint-for-kids\debug\addlineaction.obj
c:\paint-for-kids\debug\addtriangleaction.obj
c:\paint-for-kids\debug\loadaction.obj
c:\paint-for-kids\debug\selectaction.obj
c:\paint-for-kids\debug\auxil.obj
c:\paint-for-kids\debug\image.obj
c:\paint-for-kids\debug\keyqueue.obj
c:\paint-for-kids\debug\mousequeue.obj
c:\paint-for-kids\debug\ccircle.obj
c:\paint-for-kids\debug\cline.obj
c:\paint-for-kids\debug\cfigure.obj
c:\paint-for-kids\debug\crectangle.obj
c:\paint-for-kids\debug\addrectaction.obj
c:\paint-for-kids\debug\ctriangle.obj
c:\paint-for-kids\debug\input.obj
c:\paint-for-kids\debug\output.obj
c:\paint-for-kids\debug\applicationmanager.obj
c:\paint-for-kids\debug\main.obj
c:\paint-for-kids\debug\jpegload.sbr
c:\paint-for-kids\debug\jutils.sbr
c:\paint-for-kids\debug\jquant2.sbr
c:\paint-for-kids\debug\jquant1.sbr
c:\paint-for-kids\debug\jmemnobs.sbr
c:\paint-for-kids\debug\jmemmgr.sbr
c:\paint-for-kids\debug\jidctred.sbr
c:\paint-for-kids\debug\jidctint.sbr
c:\paint-for-kids\debug\jidctfst.sbr
c:\paint-for-kids\debug\jidctflt.sbr
c:\paint-for-kids\debug\jerror.sbr
c:\paint-for-kids\debug\jdtrans.sbr
c:\paint-for-kids\debug\jdsample.sbr
c:\paint-for-kids\debug\jdpostct.sbr
c:\paint-for-kids\debug\jdphuff.sbr
c:\paint-for-kids\debug\jdmerge.sbr
c:\paint-for-kids\debug\jdmaster.sbr
c:\paint-for-kids\debug\jdmarker.sbr
c:\paint-for-kids\debug\jdmainct.sbr
c:\paint-for-kids\debug\jdinput.sbr
c:\paint-for-kids\debug\jdinput.obj
c:\paint-for-kids\debug\jdmainct.obj
c:\paint-for-kids\debug\jdmarker.obj
c:\paint-for-kids\debug\jdmaster.obj
c:\paint-for-kids\debug\jdmerge.obj
c:\paint-for-kids\debug\jdphuff.obj
c:\paint-for-kids\debug\jdpostct.obj
c:\paint-for-kids\debug\jdsample.obj
c:\paint-for-kids\debug\jdtrans.obj
c:\paint-for-kids\debug\jerror.obj
c:\paint-for-kids\debug\jidctflt.obj
c:\paint-for-kids\debug\jidctfst.obj
c:\paint-for-kids\debug\jidctint.obj
c:\paint-for-kids\debug\jidctred.obj
c:\paint-for-kids\debug\jmemmgr.obj
c:\paint-for-kids\debug\jmemnobs.obj
c:\paint-for-kids\debug\jquant1.obj
c:\paint-for-kids\debug\jquant2.obj
c:\paint-for-kids\debug\jutils.obj
c:\paint-for-kids\debug\jpegload.obj
c:\paint-for-kids\debug\jdhuff.sbr
c:\paint-for-kids\debug\jddctmgr.sbr
c:\paint-for-kids\debug\jdcolor.sbr
c:\paint-for-kids\debug\jdcoefct.sbr
c:\paint-for-kids\debug\jdatasrc.sbr
c:\paint-for-kids\debug\jdapistd.sbr
c:\paint-for-kids\debug\jdapimin.sbr
c:\paint-for-kids\debug\jcparam.sbr
c:\paint-for-kids\debug\jcomapi.sbr
c:\paint-for-kids\debug\jcomapi.obj
c:\paint-for-kids\debug\jcparam.obj
c:\paint-for-kids\debug\jdapimin.obj
c:\paint-for-kids\debug\jdapistd.obj
c:\paint-for-kids\debug\jdatasrc.obj
c:\paint-for-kids\debug\jdcoefct.obj
c:\paint-for-kids\debug\jdcolor.obj
c:\paint-for-kids\debug\jddctmgr.obj
c:\paint-for-kids\debug\jdhuff.obj
c:\paint-for-kids\debug\pt project.ilk
c:\paint-for-kids\debug\pt project.exe
c:\paint-for-kids\debug\pt project.pdb
c:\paint-for-kids\debug\cmugraphics.obj
c:\paint-for-kids\debug\test.obj
c:\paint-for-kids\debug\windowinput.obj
c:\paint-for-kids\debug\cmugraphics.sbr
c:\paint-for-kids\debug\test.sbr
c:\paint-for-kids\debug\windowinput.sbr
c:\paint-for-kids\.\debug\pt project.exe
c:\paint-for-kids\debug\pt project.tlog\bscmake.command.1.tlog
c:\paint-for-kids\debug\pt project.tlog\bscmake.read.1.tlog
c:\paint-for-kids\debug\pt project.tlog\bscmake.write.1.tlog
c:\paint-for-kids\debug\pt project.tlog\cl.command.1.tlog
c:\paint-for-kids\debug\pt project.tlog\cl.read.1.tlog
c:\paint-for-kids\debug\pt project.tlog\cl.write.1.tlog
c:\paint-for-kids\debug\pt project.tlog\link.command.1.tlog
c:\paint-for-kids\debug\pt project.tlog\link.read.1.tlog
c:\paint-for-kids\debug\pt project.tlog\link.write.1.tlog
